============================================================
Data filename is Chang2006ggg_Fig2.csv
Configuration filename is Chang2006ggg_Fig2.cfg
Output filename is Chang2006ggg_Fig2.pdf
# Input data (first 5 lines)
------------------------------------------------------------
207Pb/235U  1s     206Pb/238U  1s     207Pb/206Pb  1s
column[4]   column[5] column[2]   column[3] column[6]    column[7]
0.05991     0.00102   0.00903    0.00011    0.04811    0.00102
0.06014     0.00108   0.00901    0.00012    0.04843    0.00108
0.05817     0.00093   0.00881    0.00009    0.04789    0.00093
0.05577     0.00093   0.00899    0.00010    0.04498    0.00093
0.05930     0.00102   0.00880    0.00011    0.04887    0.00102
------------------------------------------------------------
Range of data
207Pb/235U: 0.05390--0.06375
206Pb/238U: 0.00850--0.00903
207Pb/206Pb: 0.04498--0.05287
238U/206Pb: 110.74197--117.64706
------------------------------------------------------------
Discordant data means that the error ellipses do not intersect the concordia line.
------------------------------------------------------------
U-Pb ages (Ma) [2 sigma]
#	6/8	+-s	7/5	+-s	7/6	+s	-s	
1	57.95	0.67	59.08	1.00	103.62	53.41	55.21
2	57.82	0.74	59.30	1.06	119.27	49.61	51.16
3	56.54	0.55	57.41	0.91	92.77	41.99	43.10
4	57.69	0.64	55.11	0.92	-57.83	61.17	63.51
5	56.48	0.67	58.49	1.01	140.54	52.94	54.71
6	56.61	0.67	60.07	1.04	198.59	56.50	58.53
7	55.01	0.77	60.44	2.09	281.74	66.67	69.53
8	55.20	0.77	53.31	1.56	-32.56	55.62	57.55
9	55.78	0.71	53.66	1.72	-40.59	65.19	67.86
10	55.07	0.83	53.53	1.94	-15.04	73.83	77.28
11	55.07	0.71	56.82	1.46	130.91	45.98	47.31
12	55.65	0.74	56.49	1.75	91.29	60.27	62.56
13	55.78	0.67	56.98	1.52	107.54	49.96	51.53
14	56.16	0.64	62.75	1.57	320.05	44.14	45.37
15	55.84	0.67	56.10	1.41	66.85	45.83	47.15
16	56.74	0.77	57.35	1.75	83.35	58.87	61.06
17	55.07	0.71	56.87	1.68	132.84	56.45	58.47
18	56.74	0.71	58.22	1.67	118.78	55.05	56.96
19	55.07	0.74	61.57	1.79	322.20	53.25	55.06
20	56.42	0.58	58.59	1.57	146.78	52.05	53.76
21	56.74	0.74	58.99	1.71	151.56	54.21	56.06
22	54.56	0.74	58.33	1.69	216.11	53.47	55.28
23	54.95	0.67	56.64	1.59	127.04	52.90	54.67
------------------------------------------------------------
Normality test: failed (p = 0.10)
Concordants (accepted) are  [ 1  2  3  4  5  6  8  9 10 11 12 13 15 16 17 18 20 21 23]
Discordants are  [ 7. 14. 19. 22.]
------------------------------------------------------------
a: Conventional concordia diagram
    Error ellipses are 95% for data points
    Error ellipse is 95% for 2D weighted mean
    Concordia age = 56.57 ± 0.26 [95% conf.] / ± 0.48 [t√MSWD] Ma
    MSWD concordance / equivalence / combined = 28.35 / 2.76 / 3.45
    P-value concordance / equivalence / combined = 0.00 / 0.00 / 0.00
b: Tera-Wasserburg concordia diagram
    Concordia age = 56.62 ± 0.26 [95% conf.] / ± 0.48 [t√MSWD] Ma
    MSWD concordance / equivalence / combined = 26.66 / 2.70 / 3.35
    P-value concordance / equivalence / combined = 0.00 / 0.00 / 0.00
c: One-dimensional bar plot
    1D weighted mean age = 56.26 ± 0.31 Ma [95% conf.] (MSDW=1.84)
    Reduced Chi-squared = 1.84 (Failed, over dispersion or uncertainties underestimated)
d: Histogram
All done.
Saving Chang2006ggg_Fig2.pdf
