============================================================
Data filename is Christiansen2009a.csv
Configuration filename is Christiansen2009a.cfg
Output filename is Christiansen2009a.pdf
# Input data (first 5 lines)
------------------------------------------------------------
207Pb/235U  1s     206Pb/238U  1s     207Pb/206Pb  1s
column[2]   column[3] column[4]   column[5] column[6]    column[7]
0.16230     0.00468   0.02390    0.00061    0.04947    0.00468
0.16099     0.00447   0.02369    0.00058    0.04965    0.00447
0.15277     0.00410   0.02271    0.00055    0.04924    0.00410
0.15902     0.00417   0.02367    0.00055    0.04928    0.00417
0.15637     0.00400   0.02288    0.00053    0.04957    0.00400
------------------------------------------------------------
Range of data
207Pb/235U: 0.15249--0.16388
206Pb/238U: 0.02240--0.02393
207Pb/206Pb: 0.04860--0.05134
238U/206Pb: 41.78855--44.64286
------------------------------------------------------------
Discordant data means that the error ellipses do not intersect the concordia line.
------------------------------------------------------------
U-Pb ages (Ma) [2 sigma]
#	6/8	+-s	7/5	+-s	7/6	+s	-s	
1	152.26	3.89	152.71	4.40	169.12	17.37	17.56
2	150.93	3.70	151.57	4.21	177.59	16.36	16.52
3	144.76	3.51	144.35	3.87	158.22	13.72	13.84
4	150.81	3.50	149.84	3.93	160.12	13.71	13.82
5	145.83	3.38	147.52	3.77	173.83	14.06	14.18
6	152.45	3.44	152.12	4.01	149.17	18.53	18.74
7	147.03	2.49	148.07	3.04	157.75	15.14	15.28
8	150.56	3.50	149.84	3.84	127.52	14.94	15.08
9	143.06	3.32	145.45	3.65	162.97	13.68	13.80
10	147.47	3.31	149.05	3.73	160.60	15.59	15.74
11	146.08	3.31	146.99	3.71	154.89	14.22	14.35
12	149.49	2.42	151.32	2.89	178.53	13.56	13.67
13	147.09	2.49	149.10	3.02	179.47	15.41	15.55
14	149.61	2.80	149.30	3.20	142.46	14.33	14.46
15	146.34	2.49	146.80	2.91	151.56	14.25	14.38
16	148.54	3.00	149.77	3.59	166.75	19.27	19.50
17	149.68	2.49	150.40	2.97	159.17	14.19	14.31
18	147.85	3.63	148.85	4.02	162.49	16.04	16.20
19	143.44	3.12	144.56	3.53	161.07	15.58	15.73
20	146.53	2.55	148.18	3.09	172.89	16.40	16.57
21	142.81	2.42	149.56	3.16	255.09	18.70	18.92
22	152.38	2.29	153.18	2.84	162.97	15.09	15.23
23	152.45	2.23	154.09	2.78	176.65	14.04	14.16
24	147.79	2.80	152.96	3.45	232.54	17.61	17.81
25	146.71	2.74	145.94	3.37	131.87	21.11	21.39
26	152.45	2.80	151.53	3.54	136.21	22.48	22.80
27	144.45	2.74	144.11	3.20	137.66	18.19	18.39
28	150.37	2.68	153.14	3.25	195.34	17.10	17.28
29	151.56	3.44	150.72	3.88	136.21	18.20	18.41
30	145.64	3.31	144.95	3.78	132.84	20.15	20.40
------------------------------------------------------------
Normality test: failed (p = 0.12)
Concordants (accepted) are  [ 1  2  3  4  5  6  7  8 10 11 12 13 14 15 16 17 18 19 20 22 23 25 26 27
 29 30]
Discordants are  [ 9. 21. 24. 28.]
------------------------------------------------------------
a: Conventional concordia diagram
    Error ellipses are 95% for data points
    Concordia age = 148.20 ± 1.10 [95% conf.] / ± 1.33 [t√MSWD] Ma
    MSWD concordance / equivalence / combined = 9.61 / 1.30 / 1.46
    P-value concordance / equivalence / combined = 0.00 / 0.08 / 0.02
b: Tera-Wasserburg concordia diagram
    Concordia age = 148.44 ± 1.10 [95% conf.] / ± 1.31 [t√MSWD] Ma
    MSWD concordance / equivalence / combined = 10.90 / 1.22 / 1.41
    P-value concordance / equivalence / combined = 0.00 / 0.14 / 0.03
c: One-dimensional bar plot
    1D weighted mean age = 148.61 ± 1.14 Ma [95% conf.] (MSDW=0.93)
    Reduced Chi-squared = 0.93 (Passed)
d: Histogram
All done.
Saving Christiansen2009a.pdf
