============================================================
Data filename is Christiansen2009b.csv
Configuration filename is Christiansen2009b.cfg
Output filename is Christiansen2009b.pdf
# Input data (first 5 lines)
------------------------------------------------------------
207Pb/235U  1s     206Pb/238U  1s     207Pb/206Pb  1s
column[2]   column[3] column[4]   column[5] column[6]    column[7]
0.18071     0.00417   0.02411    0.00047    0.05435    0.00417
0.16608     0.00389   0.02386    0.00047    0.05047    0.00389
0.16017     0.00340   0.02347    0.00041    0.04948    0.00340
0.16575     0.00354   0.02302    0.00042    0.05222    0.00354
0.18165     0.00408   0.02358    0.00046    0.05588    0.00408
------------------------------------------------------------
Range of data
207Pb/235U: 0.15550--0.18530
206Pb/238U: 0.02300--0.02411
207Pb/206Pb: 0.04901--0.05726
238U/206Pb: 41.47657--43.47826
------------------------------------------------------------
Discordant data means that the error ellipses do not intersect the concordia line.
------------------------------------------------------------
U-Pb ages (Ma) [2 sigma]
#	6/8	+-s	7/5	+-s	7/6	+s	-s	
1	153.58	2.99	168.67	3.89	384.57	20.13	20.38
2	152.01	2.99	156.01	3.65	215.66	19.61	19.85
3	149.55	2.61	150.85	3.20	169.59	18.30	18.51
4	146.71	2.68	155.72	3.33	294.03	16.10	16.26
5	150.24	2.93	169.48	3.81	446.60	17.01	17.19
6	147.47	2.93	153.14	3.46	241.15	17.52	17.71
7	147.85	2.55	149.64	3.18	176.65	19.15	19.38
8	150.87	2.36	150.86	2.89	150.12	18.05	18.25
9	149.93	2.80	155.02	3.39	233.00	18.06	18.26
10	146.59	2.17	146.76	2.80	147.25	18.55	18.77
11	149.49	2.29	172.61	3.68	500.57	23.29	23.63
12	148.42	2.23	155.47	3.04	262.69	19.05	19.28
13	152.19	2.80	153.54	3.24	173.36	15.93	16.09
14	153.58	2.87	154.52	3.36	168.17	17.85	18.05
15	152.76	2.87	159.80	3.39	264.47	15.95	16.11
------------------------------------------------------------
Normality test: failed (p = 0.42)
Concordants (accepted) are  [ 3  7  8 10 13 14]
Discordants are  [ 1.  2.  4.  5.  6.  9. 11. 12. 15.]
------------------------------------------------------------
a: Conventional concordia diagram
    Error ellipses are 95% for data points
    Concordia age = 149.36 ± 2.00 [95% conf.] / ± 2.55 [t√MSWD] Ma
    MSWD concordance / equivalence / combined = 5.03 / 1.28 / 1.63
    P-value concordance / equivalence / combined = 0.02 / 0.23 / 0.08
b: Tera-Wasserburg concordia diagram
    Concordia age = 149.56 ± 2.00 [95% conf.] / ± 2.45 [t√MSWD] Ma
    MSWD concordance / equivalence / combined = 4.36 / 1.21 / 1.50
    P-value concordance / equivalence / combined = 0.04 / 0.28 / 0.12
c: One-dimensional bar plot
    1D weighted mean age = 149.73 ± 2.06 Ma [95% conf.] (MSDW=1.09)
    Reduced Chi-squared = 1.09 (Passed)
d: Histogram
All done.
Saving Christiansen2009b.pdf
