============================================================
Data filename is Gonzalez-Leon2011Geosphere_Fig8I.csv
Configuration filename is Gonzalez-Leon2011Geosphere_Fig8I.cfg
Output filename is Gonzalez-Leon2011Geosphere_Fig8I.pdf
# Input data (first 5 lines)
------------------------------------------------------------
207Pb/235U  1s     206Pb/238U  1s     207Pb/206Pb  1s
column[7]   column[8] column[9]   column[10] column[5]    column[6]
0.08173     0.00448   0.01089    0.00015    0.05472    0.00448
0.08259     0.00436   0.01070    0.00018    0.05656    0.00436
0.07966     0.00429   0.01083    0.00015    0.05377    0.00429
0.07815     0.00381   0.01109    0.00023    0.05176    0.00381
0.08251     0.00363   0.01088    0.00017    0.05543    0.00363
------------------------------------------------------------
Range of data
207Pb/235U: 0.01093--0.10409
206Pb/238U: 0.01032--0.01132
207Pb/206Pb: 0.00751--0.07010
238U/206Pb: 88.33922--96.89922
------------------------------------------------------------
Discordant data means that the error ellipses do not intersect the concordia line.
------------------------------------------------------------
U-Pb ages (Ma) [2 sigma]
#	6/8	+-s	7/5	+-s	7/6	+s	-s	
1	69.82	0.96	79.77	4.37	399.79	114.56	123.35
2	68.61	1.15	80.58	4.25	473.42	107.02	114.69
3	69.44	0.96	77.83	4.19	360.41	113.40	121.98
4	71.10	1.47	76.40	3.72	273.79	97.91	104.20
5	69.76	1.09	80.50	3.54	428.61	88.80	93.99
6	67.78	0.90	71.05	3.13	188.82	95.12	101.01
7	70.40	0.90	75.08	2.59	247.01	72.18	75.53
8	69.18	1.03	79.72	3.93	431.42	101.51	108.36
9	70.97	0.90	77.60	3.12	309.26	84.38	89.02
10	69.44	0.96	78.67	4.38	389.93	116.78	125.91
11	71.22	0.83	88.66	3.45	610.16	78.10	82.14
12	68.29	0.83	73.57	2.38	257.33	67.45	70.37
13	70.65	0.96	84.29	4.54	512.07	110.25	118.43
14	68.74	0.90	78.85	3.99	420.54	105.97	113.45
15	69.25	0.83	73.13	2.29	199.05	65.86	68.63
16	71.29	0.83	76.98	3.07	268.03	84.82	89.49
17	70.14	0.90	78.41	2.49	343.54	64.42	67.10
18	71.10	0.83	77.80	3.18	295.78	86.73	91.63
19	71.67	1.03	72.64	3.08	133.32	91.49	96.90
20	67.53	0.90	78.28	3.66	433.43	97.24	103.51
21	70.97	1.15	78.18	4.33	338.02	115.73	124.66
22	72.56	1.03	85.10	3.52	473.03	84.20	88.88
23	70.20	0.96	88.50	6.23	625.87	142.33	156.37
24	69.38	0.83	11.04	2.54	-21830.43	11914.62	126894.35
25	69.06	1.03	76.02	2.89	321.34	77.63	81.55
26	71.42	1.09	98.77	13.90	876.13	265.76	320.38
27	67.33	0.96	74.17	5.48	298.39	145.82	160.26
28	70.84	0.83	74.86	2.28	209.68	63.67	66.26
29	66.19	0.77	79.05	11.89	554.26	297.43	365.90
30	68.55	1.15	78.50	6.25	392.82	152.87	168.92
31	67.46	0.96	83.02	5.68	600.44	138.92	152.24
32	70.40	1.41	100.54	12.23	930.36	228.56	267.94
33	69.18	0.96	79.80	3.84	415.28	99.46	106.02
34	69.50	0.96	72.27	2.72	190.69	79.56	83.63
35	67.33	1.15	75.54	3.71	349.47	100.71	107.42
36	68.36	1.15	87.00	5.52	634.03	116.86	126.17
37	71.48	1.22	82.41	5.06	415.28	126.67	137.51
38	72.37	1.03	86.89	4.88	505.18	101.03	107.84
------------------------------------------------------------
Normality test: failed (p = 0.69)
Concordants (accepted) are  [ 1  2  3  4  6  7  8  9 10 12 13 14 15 16 18 19 20 21 23 25 26 27 28 30
 31 32 33 34 35 37]
Concordants (excluded) are  [29.]
Discordants are  [ 5. 11. 17. 22. 24. 36. 38.]
------------------------------------------------------------
a: Conventional concordia diagram
    Error ellipses are 99% for data points
    Concordia age = 69.47 ± 0.35 [95% conf.] / ± 0.87 [t√MSWD] Ma
    MSWD concordance / equivalence / combined = 130.60 / 3.92 / 6.07
    P-value concordance / equivalence / combined = 0.00 / 0.00 / 0.00
b: Tera-Wasserburg concordia diagram
    Concordia age = 69.63 ± 0.35 [95% conf.] / ± 0.91 [t√MSWD] Ma
    MSWD concordance / equivalence / combined = 146.44 / 4.22 / 6.63
    P-value concordance / equivalence / combined = 0.00 / 0.00 / 0.00
c: One-dimensional bar plot
    1D weighted mean age = 69.60 ± 0.36 Ma [95% conf.] (MSDW=1.93)
    Reduced Chi-squared = 1.93 (Failed, over dispersion or uncertainties underestimated)
d: Histogram
All done.
Saving Gonzalez-Leon2011Geosphere_Fig8I.pdf
