============================================================
Data filename is He2016gr_NMH54a.csv
Configuration filename is He2016gr_NMH54a.cfg
Output filename is He2016gr_NMH54a.pdf
# Input data (first 5 lines)
------------------------------------------------------------
207Pb/235U  1s     206Pb/238U  1s     207Pb/206Pb  1s
column[6]   column[7] column[8]   column[9] column[4]    column[5]
0.63653     0.02126   0.08504    0.00137    0.05430    0.02126
0.67105     0.01251   0.08571    0.00129    0.05677    0.01251
0.73043     0.01536   0.08574    0.00125    0.06180    0.01536
0.68438     0.01903   0.08576    0.00135    0.05786    0.01903
0.69627     0.01424   0.08593    0.00131    0.05875    0.01424
------------------------------------------------------------
Range of data
207Pb/235U: 0.63653--1.41417
206Pb/238U: 0.08504--0.14692
207Pb/206Pb: 0.05430--0.06979
238U/206Pb: 6.80643--11.75917
------------------------------------------------------------
Discordant data are not excluded from calculation
------------------------------------------------------------
U-Pb ages (Ma) [2σ]
#	T68	+-2s	T75	+-2s	T76	+2s	-2s
1	526	17	500	33	383	188	200
2	530	16	521	19	482	139	145
3	530	15	557	23	666	143	150
4	530	17	529	29	524	165	174
5	531	16	537	22	557	142	148
6	532	16	526	21	499	142	149
7	532	16	549	28	618	156	164
8	532	16	542	24	580	145	152
9	532	16	547	25	606	147	154
10	532	16	542	24	581	149	156
11	532	17	574	34	739	164	173
12	533	16	538	23	561	145	152
13	533	16	542	24	581	146	153
14	533	16	537	25	555	151	158
15	533	16	524	23	483	147	154
16	533	16	541	23	570	146	153
17	534	17	535	26	540	154	162
18	534	16	533	20	525	139	146
19	534	16	548	22	606	141	148
20	535	17	582	28	772	148	155
21	535	17	550	25	612	147	154
22	535	16	527	22	489	146	153
23	535	16	521	21	456	145	151
24	535	17	553	31	625	163	172
25	535	19	534	45	526	213	228
26	535	16	529	25	498	154	162
27	536	17	543	27	571	153	161
28	536	17	559	30	652	159	167
29	536	16	536	23	534	146	153
30	536	16	536	22	533	141	148
31	536	17	569	32	699	162	171
32	537	16	544	18	575	133	139
33	537	16	538	21	541	142	149
34	537	16	571	25	707	142	149
35	539	16	559	23	642	142	148
36	539	17	568	29	687	153	161
37	727	22	767	31	885	136	142
38	884	27	895	33	921	129	135
------------------------------------------------------------
Concordants (accepted) are  [ 1  2  3  4  5  6  7  8  9 10 11 12 13 14 15 16 17 18 19 20 21 22 23 24
 25 26 27 28 29 30 31 32 33 34 35 36 37 38]
------------------------------------------------------------
a: Conventional concordia diagram
    Error ellipses are 95% for data points
    Intercept age = 506 +22 -34 & 1115 +248 -219 Ma [2σ]
b: Tera-Wasserburg concordia diagram
    Intercept age = 509 +21 -38 & 1108 +221 -244 Ma [2σ]
c: One-dimensional bar plot
    1D weighted mean age = 540 ± 3 [2σ] / ± 14 [tσ√MSWD] Ma (MSDW=27)
    Reduced Chi-squared = 27 (Failed)
d: Histogram
All done.
Saving He2016gr_NMH54a.pdf
