

============================================================
Data filename is Hoshi2019chemg_Tf1.csv
Configuration filename is Hoshi2019chemg_Tf1_no_cor.cfg
Output filename is Hoshi2019chemg_Tf1_no_cor.pdf
# Input data (first 5 lines)
------------------------------------------------------------
207Pb/235U  1s     206Pb/238U  1s     207Pb/206Pb  1s
column[4]   column[5] column[6]   column[7] column[8]    column[9]
0.01708     0.00097   0.00266    0.00003    0.04654    0.00259
0.01721     0.00040   0.00266    0.00002    0.04695    0.00103
0.01786     0.00083   0.00268    0.00003    0.04824    0.00218
0.01712     0.00080   0.00263    0.00003    0.04714    0.00215
0.01641     0.00072   0.00260    0.00003    0.04579    0.00197
------------------------------------------------------------
Range of data
207Pb/235U: 0.01641--0.02079
206Pb/238U: 0.00250--0.00275
207Pb/206Pb: 0.04478--0.05749
238U/206Pb: 363.63636--400.00000
------------------------------------------------------------
Discordant data means that the error ellipses do not intersect the concordia line.
------------------------------------------------------------
U-Pb ages (Ma) [2 sigma]
#	6/8	+-s	7/5	+-s	7/6	+s	-s	
1	17.12	0.19	17.20	0.98	24.61	246.97	290.50
2	17.12	0.13	17.33	0.40	45.61	101.17	107.78
3	17.25	0.19	17.97	0.84	109.99	200.56	228.53
4	16.93	0.19	17.24	0.81	55.25	203.86	232.70
5	16.74	0.19	16.53	0.73	0.00	195.39	221.57
6	16.87	0.23	20.89	1.17	509.39	223.00	259.23
7	16.87	0.19	17.94	0.89	166.75	211.19	242.57
8	16.48	0.19	17.18	0.81	118.29	202.62	231.22
9	17.32	0.19	20.78	0.91	440.63	177.77	199.93
10	17.32	0.19	16.75	0.73	0.00	193.32	218.80
11	17.38	0.16	19.14	0.70	241.60	155.73	172.24
12	17.19	0.16	20.17	0.85	389.11	174.42	195.63
13	16.93	0.10	17.99	0.43	163.44	105.47	112.75
14	17.19	0.13	17.67	0.67	85.34	167.96	187.09
15	16.55	0.19	19.51	0.91	399.79	191.59	217.51
16	16.93	0.16	19.30	0.74	325.63	162.20	180.29
17	16.87	0.13	17.46	0.63	98.20	160.02	177.31
18	17.70	0.16	19.77	0.77	279.54	165.48	184.29
19	17.00	0.16	18.97	0.80	279.98	177.33	199.12
20	16.35	0.19	17.14	1.00	128.00	250.35	295.58
21	17.70	0.16	17.64	0.85	11.67	213.14	244.75
22	17.19	0.16	18.18	0.78	152.03	186.41	210.41
23	16.80	0.16	16.67	0.68	0.00	182.44	205.07
24	17.38	0.19	17.27	0.93	0.00	236.99	276.69
25	16.93	0.16	17.16	0.73	46.12	188.69	213.12
26	16.67	0.19	18.11	1.05	208.76	244.59	287.86
27	16.61	0.19	18.15	1.06	225.72	244.57	287.89
28	16.10	0.16	16.76	0.77	108.52	199.43	227.06
29	17.19	0.16	19.11	0.80	269.80	177.20	198.94
30	17.00	0.13	17.64	0.48	108.52	119.47	128.86
------------------------------------------------------------
Normality test: failed (p = 0.82)
Concordants (accepted) are  [ 1  2  3  4  5  7  8 10 14 17 22 23 24 25 26 27 30]
Concordants (excluded) are  [20. 21. 28.]
Discordants are  [ 6.  9. 11. 12. 13. 15. 16. 18. 19. 29.]
------------------------------------------------------------
a: Conventional concordia diagram
    Error ellipses are 95% for data points
    Error ellipse is 95% for 2D weighted mean
    Concordia age = 16.98 ± 0.08 [95% conf.] / ± 0.10 [t√MSWD] Ma
    MSWD concordance / equivalence / combined = 5.45 / 1.45 / 1.57
    P-value concordance / equivalence / combined = 0.02 / 0.05 / 0.02
b: Tera-Wasserburg concordia diagram
    Concordia age = 17.00 ± 0.08 [95% conf.] / ± 0.10 [t√MSWD] Ma
    MSWD concordance / equivalence / combined = 5.15 / 1.44 / 1.55
    P-value concordance / equivalence / combined = 0.02 / 0.05 / 0.02
c: One-dimensional bar plot
    1D weighted mean age = 16.99 ± 0.08 Ma [95% conf.] (MSDW=2.02)
    Reduced Chi-squared = 2.02 (Failed, over dispersion or uncertainties underestimated)
d: Histogram
All done.
Saving Hoshi2019chemg_Tf1_no_cor.pdf
