============================================================
Data filename is Hoshi2019chemg_Tf2.csv
Configuration filename is Hoshi2019chemg_Tf2_cor_diseq.cfg
Output filename is Hoshi2019chemg_Tf2_cor_diseq.pdf
# Input data (first 5 lines)
------------------------------------------------------------
207Pb/235U  1s     206Pb/238U  1s     207Pb/206Pb  1s
column[4]   column[5] column[6]   column[7] column[8]    column[9]
0.01664     0.00049   0.00267    0.00003    0.04517    0.00049
0.01689     0.00047   0.00261    0.00003    0.04698    0.00047
0.01685     0.00063   0.00265    0.00003    0.04604    0.00063
0.01823     0.00056   0.00265    0.00003    0.04992    0.00056
0.01636     0.00063   0.00267    0.00003    0.04448    0.00063
------------------------------------------------------------
Range of data
207Pb/235U: 0.01609--0.01855
206Pb/238U: 0.00259--0.00276
207Pb/206Pb: 0.04410--0.05061
238U/206Pb: 362.31884--386.10039
------------------------------------------------------------
Discordant data means that the error ellipses do not intersect the concordia line.
------------------------------------------------------------
U-Pb ages^ (Ma) [2 sigma]
#	6/8	+-s	7/5	+-s	7/6	+s	-s	
1	17.28	0.16	16.64	0.49	22.15	0.00	0.00
2	16.89	0.16	16.89	0.47	15.62	-10.90	-6.53
3	17.15	0.19	16.85	0.63	22.15	-15.75	-0.00
4	17.15	0.16	18.23	0.56	2.57	-0.69	-1.60
5	17.28	0.19	16.36	0.63	22.15	-0.00	0.00
6	17.02	0.16	17.09	0.43	11.68	-7.03	-10.46
7	17.15	0.16	16.09	0.48	22.15	-0.00	0.00
8	17.02	0.16	18.29	0.51	2.27	-0.52	-1.00
9	17.15	0.16	17.73	0.44	4.21	-1.36	-4.48
10	16.76	0.16	16.50	0.47	22.15	-14.24	-0.00
11	17.08	0.16	16.89	0.39	22.14	-13.21	-0.00
12	16.95	0.16	17.69	0.53	3.37	-1.08	-3.37
13	17.34	0.16	18.23	0.53	2.96	-0.85	-2.14
14	17.60	0.13	17.62	0.32	14.33	-8.44	-7.82
15	17.15	0.13	17.22	0.43	11.68	-7.04	-10.46
16	17.28	0.16	18.16	0.58	3.05	-0.97	-2.98
17	17.85	0.13	18.55	0.40	3.79	-1.06	-2.63
18	17.02	0.13	18.36	0.60	2.18	-0.55	-1.17
19	17.21	0.13	16.75	0.41	22.15	-0.00	-0.00
20	17.02	0.13	17.78	0.55	3.29	-1.08	-3.55
21	17.28	0.13	17.14	0.39	22.15	-15.44	0.00
22	17.28	0.13	16.99	0.51	22.15	-14.94	0.00
23	16.83	0.13	17.34	0.53	4.35	-1.69	-13.68
24	17.21	0.13	16.70	0.40	22.15	-0.00	-0.00
25	17.02	0.13	16.25	0.56	22.15	0.00	-0.00
26	17.15	0.13	17.50	0.50	5.71	-2.52	-16.44
27	17.15	0.13	17.28	0.40	8.47	-4.18	-13.68
^ Correction for initial disequilibria.
------------------------------------------------------------
Normality test: passed (p = 0.02)
Concordants (accepted) are  [ 1  2  3  4  5  6  7  9 10 11 12 13 15 16 18 19 20 21 22 23 24 25 26 27]
Concordants (excluded) are  [14. 17.]
Discordants are  [8.]
------------------------------------------------------------
a: Conventional concordia diagram
    Error ellipses are 95% for data points
    Error ellipse is 95% for 2D weighted mean
    Concordia age = 17.02 ± 0.06 [95% conf.] / ± 0.08 [t√MSWD] Ma
    MSWD concordance / equivalence / combined = 6.27 / 1.51 / 1.61
    P-value concordance / equivalence / combined = 0.01 / 0.01 / 0.00
b: Tera-Wasserburg concordia diagram
    Concordia age = 17.03 ± 0.06 [95% conf.] / ± 0.07 [t√MSWD] Ma
    MSWD concordance / equivalence / combined = 5.99 / 1.49 / 1.59
    P-value concordance / equivalence / combined = 0.01 / 0.02 / 0.01
c: One-dimensional bar plot
    1D weighted mean age = 17.11 ± 0.06 Ma [95% conf.] (MSDW=1.04)
    Reduced Chi-squared = 1.04 (Passed)
d: Histogram
All done.
Saving Hoshi2019chemg_Tf2_cor_diseq.pdf
