

============================================================
Data filename is Hoshi2019chemg_Tf2.csv
Configuration filename is Hoshi2019chemg_Tf2_cor_Pbc.cfg
Output filename is Hoshi2019chemg_Tf2_cor_Pbc.pdf
# Input data (first 5 lines)
------------------------------------------------------------
207Pb/235U  1s     206Pb/238U  1s     207Pb/206Pb  1s
column[4]   column[5] column[6]   column[7] column[8]    column[9]
0.01664     0.00049   0.00267    0.00003    0.04640    0.00125
0.01689     0.00047   0.00261    0.00003    0.04639    0.00122
0.01685     0.00063   0.00265    0.00003    0.04639    0.00165
0.01823     0.00056   0.00264    0.00003    0.04639    0.00146
0.01636     0.00063   0.00268    0.00003    0.04640    0.00166
------------------------------------------------------------
Range of data
207Pb/235U: 0.01609--0.01855
206Pb/238U: 0.00259--0.00276
207Pb/206Pb: 0.04410--0.05061
238U/206Pb: 362.31884--386.10039
------------------------------------------------------------
Discordant data means that the error ellipses do not intersect the concordia line.
------------------------------------------------------------
U-Pb ages (Ma) [2 sigma]
#	f206%	6/8*	+-s	7/5	+-s	7/6*	+s	-s	
1	-0.16	17.22	0.16	16.76	0.49	17.22	124.62	134.80
2	0.07	16.79	0.16	17.01	0.47	16.79	121.77	131.47
3	-0.04	17.07	0.19	16.97	0.63	17.07	162.59	180.36
4	0.45	16.98	0.16	18.34	0.57	16.98	144.68	158.58
5	-0.24	17.23	0.19	16.48	0.63	17.23	163.05	180.92
6	0.09	16.92	0.16	17.21	0.44	16.92	111.63	119.72
7	-0.29	17.11	0.16	16.21	0.48	17.11	124.15	134.24
8	0.51	16.85	0.16	18.40	0.52	16.85	132.79	144.41
9	0.26	17.02	0.16	17.85	0.44	17.02	110.65	118.60
10	-0.02	16.68	0.16	16.62	0.47	16.68	123.70	133.72
11	-0.01	17.00	0.16	17.01	0.39	17.00	98.50	104.75
12	0.33	16.81	0.16	17.81	0.53	16.81	138.04	150.64
13	0.38	17.19	0.16	18.34	0.54	17.19	135.15	147.20
14	0.08	17.50	0.13	17.74	0.32	17.50	80.82	84.98
15	0.09	17.04	0.13	17.34	0.43	17.05	112.10	120.27
16	0.37	17.13	0.16	18.27	0.59	17.13	151.76	167.13
17	0.29	17.72	0.13	18.66	0.41	17.72	100.90	107.47
18	0.53	16.84	0.13	18.47	0.60	16.84	156.98	173.47
19	-0.09	17.14	0.13	16.87	0.42	17.14	108.22	115.81
20	0.34	16.87	0.13	17.89	0.56	16.87	146.58	160.87
21	0.03	17.18	0.13	17.26	0.39	17.18	100.93	107.50
22	-0.03	17.19	0.13	17.11	0.52	17.19	133.72	145.50
23	0.25	16.70	0.13	17.46	0.53	16.70	141.38	154.62
24	-0.10	17.14	0.13	16.82	0.41	17.14	105.80	113.04
25	-0.20	16.96	0.13	16.37	0.57	16.96	149.42	164.29
26	0.19	17.03	0.13	17.62	0.50	17.03	131.34	142.70
27	0.12	17.04	0.13	17.40	0.40	17.04	104.34	111.38
* Correction for common Pb by 207Pb method
------------------------------------------------------------
Normality test: failed (p = 0.10)
Concordants (accepted) are  [ 1  2  3  5  6  7  9 10 11 12 13 15 16 19 20 21 22 23 24 25 26 27]
Concordants (excluded) are  [14. 17.]
Discordants are  [ 4.  8. 18.]
------------------------------------------------------------
a: Conventional concordia diagram
    Error ellipses are 95% for data points
    Error ellipse is 95% for 2D weighted mean
    Concordia age = 17.02 ± 0.06 [95% conf.] / ± 0.08 [t√MSWD] Ma
    MSWD concordance / equivalence / combined = 3.24 / 1.49 / 1.53
    P-value concordance / equivalence / combined = 0.07 / 0.02 / 0.01
b: Tera-Wasserburg concordia diagram
    Concordia age = 17.02 ± 0.06 [95% conf.] / ± 0.05 [t√MSWD] Ma
    MSWD concordance / equivalence / combined = 0.00 / 0.62 / 0.61
    P-value concordance / equivalence / combined = 0.99 / 0.97 / 0.98
c: One-dimensional bar plot
    1D weighted mean age = 17.02 ± 0.06 Ma [95% conf.] (MSDW=1.25)
    Reduced Chi-squared = 1.25 (Passed)
d: Histogram
All done.
Saving Hoshi2019chemg_Tf2_cor_Pbc.pdf
