============================================================
Data filename is Hoshi2019chemg_Tf1.csv
Configuration filename is Hoshi2019chemg_Tf1_cor_Pbc.cfg
Output filename is Hoshi2019chemg_Tf1_cor_Pbc.pdf
# Input data (first 5 lines)
------------------------------------------------------------
207Pb/235U  1s     206Pb/238U  1s     207Pb/206Pb  1s
column[4]   column[5] column[6]   column[7] column[8]    column[9]
0.01700     0.00097   0.00266    0.00003    0.04639    0.00097
0.01700     0.00040   0.00266    0.00002    0.04639    0.00040
0.01710     0.00083   0.00267    0.00003    0.04639    0.00083
0.01680     0.00080   0.00263    0.00003    0.04639    0.00080
0.01663     0.00072   0.00260    0.00003    0.04639    0.00072
------------------------------------------------------------
Range of data
207Pb/235U: 0.01594--0.01759
206Pb/238U: 0.00249--0.00275
207Pb/206Pb: 0.04637--0.04640
238U/206Pb: 363.58394--400.93243
------------------------------------------------------------
Discordant data means that the error ellipses do not intersect the concordia line.
------------------------------------------------------------
U-Pb ages (Ma) [2σ]
#	f206%	T68*	+-s	T75	+-s	T76*	+s	-s	
1	0.02	17.12	0.19	17.12	0.98	17.13	128.71	139.59
2	0.07	17.11	0.13	17.11	0.40	17.12	52.25	53.95
3	0.23	17.21	0.19	17.21	0.84	17.22	109.19	116.93
4	0.10	16.91	0.19	16.91	0.81	16.92	107.51	115.00
5	-0.08	16.75	0.19	16.75	0.73	16.76	98.77	105.05
6	1.41	16.63	0.23	16.63	1.17	16.64	154.65	170.63
7	0.38	16.80	0.19	16.80	0.89	16.81	119.12	128.39
8	0.26	16.44	0.19	16.44	0.81	16.45	110.94	118.93
9	1.18	17.11	0.19	17.11	0.91	17.12	117.66	126.69
10	-0.20	17.35	0.19	17.35	0.72	17.36	94.58	100.33
11	0.59	17.28	0.16	17.28	0.70	17.29	91.16	96.49
12	1.02	17.01	0.16	17.01	0.85	17.01	111.87	120.00
13	0.37	16.87	0.10	16.87	0.43	16.87	58.52	60.67
14	0.17	17.16	0.13	17.16	0.67	17.17	89.70	94.85
15	1.06	16.37	0.19	16.37	0.91	16.38	123.97	134.03
16	0.83	16.79	0.16	16.79	0.75	16.80	99.98	106.43
17	0.20	16.83	0.13	16.83	0.63	16.84	86.03	90.76
18	0.69	17.58	0.16	17.58	0.78	17.59	99.21	105.55
19	0.70	16.88	0.16	16.88	0.80	16.88	106.55	113.90
20	0.28	16.31	0.19	16.31	1.00	16.32	138.80	151.54
21	-0.01	17.70	0.16	17.70	0.85	17.72	109.64	117.45
22	0.34	17.13	0.16	17.13	0.79	17.14	103.86	110.83
23	-0.06	16.81	0.16	16.81	0.68	16.82	92.41	97.89
24	-0.05	17.39	0.19	17.39	0.93	17.40	121.25	130.86
25	0.07	16.92	0.16	16.92	0.74	16.92	98.76	105.04
26	0.50	16.59	0.19	16.59	1.05	16.61	142.11	155.49
27	0.55	16.52	0.19	16.52	1.06	16.53	143.54	157.21
28	0.23	16.06	0.16	16.06	0.77	16.06	108.54	116.18
29	0.67	17.07	0.16	17.07	0.80	17.08	105.81	113.05
30	0.23	16.96	0.13	16.96	0.48	16.96	64.25	66.85
* Correction for common Pb by 207Pb method
------------------------------------------------------------
Normality test: failed (p = 0.99)
Concordants (accepted) are  [ 1  2  3  4  5  6  7  8  9 10 11 12 13 14 16 17 19 22 23 24 25 26 27 29
 30]
Concordants (excluded) are  [15. 18. 20. 21. 28.]
------------------------------------------------------------
a: Conventional concordia diagram
    Error ellipses are 95% for data points
    Error ellipse is 95% for 2D weighted mean
    Concordia age = 16.95 ± 0.06 [2σ] / ± 0.06 [tσ√MSWD] Ma
    MSWD concordance / equivalence / combined = 0.00 / 0.96 / 0.94
    P-value concordance / equivalence / combined = 0.99 / 0.55 / 0.59
b: Tera-Wasserburg concordia diagram
    Concordia age = 17.02 ± 0.06 [2σ] / ± 0.06 [tσ√MSWD] Ma
    MSWD concordance / equivalence / combined = 0.00 / 0.92 / 0.90
    P-value concordance / equivalence / combined = 0.97 / 0.63 / 0.67
c: One-dimensional bar plot
    1D weighted mean age = 16.95 ± 0.06 [2σ] / ± 0.09 [tσ√MSWD] Ma (MSDW=1.92)
    common 207Pb/206Pb = 0.83566 (16.95 Ma)
    Reduced Chi-squared = 1.92 (Failed, over dispersion or uncertainties underestimated)
d: Histogram
All done.
Saving Hoshi2019chemg_Tf1_cor_Pbc.pdf
