============================================================
Data filename is Hoshi2019chemg_Tf1.csv
Configuration filename is Hoshi2019chemg_Tf1_cor_diseq_Pbc.cfg
Output filename is Hoshi2019chemg_Tf1_cor_diseq_Pbc.pdf
# Input data (first 5 lines)
------------------------------------------------------------
207Pb/235U  1s     206Pb/238U  1s     207Pb/206Pb  1s
column[4]   column[5] column[6]   column[7] column[8]    column[9]
134.16300     0.00097   1.16590    0.00003    0.83496    0.00097
134.16321     0.00040   1.16591    0.00002    0.83496    0.00040
134.16267     0.00083   1.16590    0.00003    0.83496    0.00083
0.01701     0.00080   0.00263    0.00003    0.04694    0.00080
134.16624     0.00072   1.16591    0.00003    0.83497    0.00072
------------------------------------------------------------
Range of data
207Pb/235U: 0.01647--134.17347
206Pb/238U: 0.00254--1.16593
207Pb/206Pb: 0.04694--0.83500
238U/206Pb: 0.85768--392.97116
------------------------------------------------------------
Discordant data means that the error ellipses do not intersect the concordia line.
------------------------------------------------------------
U-Pb ages^ (Ma) [2σ]
#	f206%	T68*	+-2s	T75	+-2s	T76*	+2s	-2s
1	-43731.00	4981.77	0.26	4981.77	0.07	4981.78	8.78	8.81
2	-43731.02	4981.77	0.17	4981.78	0.03	4981.78	3.49	3.49
3	-43403.87	4981.77	0.26	4981.77	0.06	4981.77	7.41	7.43
4	0.03	17.01	0.39	17.01	1.60	17.01	-27.61	-9.81
5	-44742.79	4981.79	0.26	4981.80	0.05	4981.80	6.68	6.69
6	-44400.94	4981.83	0.30	4981.83	0.09	4981.84	10.63	10.67
7	-44400.54	4981.80	0.26	4981.80	0.07	4981.81	8.10	8.13
8	-45443.83	4981.82	0.26	4981.83	0.06	4981.83	7.53	7.55
9	-43242.45	4981.79	0.26	4981.80	0.07	4981.80	8.00	8.02
10	-43241.92	4981.75	0.26	4981.75	0.05	4981.76	6.39	6.40
11	-43081.64	4981.77	0.21	4981.77	0.05	4981.78	6.15	6.17
12	0.95	17.11	0.32	17.11	1.69	17.10	-27.97	-9.62
13	-44231.28	4981.79	0.13	4981.80	0.03	4981.80	3.91	3.92
14	-43566.84	4981.77	0.17	4981.78	0.05	4981.78	6.05	6.06
15	0.98	16.47	0.39	16.47	1.81	16.45	-27.15	-10.93
16	-44231.46	4981.81	0.21	4981.81	0.05	4981.82	6.76	6.78
17	-44400.48	4981.79	0.17	4981.80	0.05	4981.80	5.79	5.81
18	-42296.29	4981.75	0.21	4981.76	0.06	4981.76	6.71	6.73
19	-44063.43	4981.80	0.21	4981.80	0.06	4981.81	7.22	7.24
20	-45802.57	4981.83	0.26	4981.84	0.07	4981.84	9.49	9.53
21	-42296.02	4981.73	0.21	4981.73	0.06	4981.74	7.44	7.46
22	0.27	17.23	0.32	17.23	1.56	17.21	-27.83	-9.40
23	-0.13	16.91	0.32	16.91	1.35	16.90	-26.64	-10.02
24	-43081.40	4981.75	0.26	4981.75	0.07	4981.76	8.26	8.28
25	-44231.16	4981.78	0.21	4981.79	0.05	4981.79	6.68	6.69
26	0.43	16.69	0.39	16.69	2.09	16.67	-28.17	-10.48
27	-45090.77	4981.82	0.26	4981.83	0.08	4981.83	9.83	9.87
28	-46537.23	4981.85	0.21	4981.85	0.06	4981.86	7.36	7.38
29	-43567.03	4981.78	0.21	4981.79	0.06	4981.79	7.17	7.19
30	0.16	17.06	0.26	17.06	0.95	17.05	-24.92	-9.73
* Correction for common Pb by 207Pb method
^ Correction for initial disequilibria.
------------------------------------------------------------
Concordants (accepted) are  [ 1  2  3  4  5  7  8 10 11 13 14 17 19 20 21 22 23 24 25 26 27 28 29 30]
Discordants are  [ 6.  9. 12. 15. 16. 18.]
------------------------------------------------------------
a: Conventional concordia diagram
    Error ellipses are 95% for data points
    Error ellipse is 95% for 2D weighted mean
    Concordia age = 16.98 ± 0.06 [2σ] / ± 0.12 [tσ√MSWD] Ma
    MSWD concordance / equivalence / combined = 20.06 / 3.10 / 3.46
    P-value concordance / equivalence / combined = 0.00 / 0.00 / 0.00
b: Tera-Wasserburg concordia diagram
    Concordia age = 17.00 ± 0.06 [2σ] / ± 0.12 [tσ√MSWD] Ma
    MSWD concordance / equivalence / combined = 19.63 / 3.06 / 3.41
    P-value concordance / equivalence / combined = 0.00 / 0.00 / 0.00
c: One-dimensional bar plot
    1D weighted mean age = 17.24 ± 0.15 [2σ] / ± 14.63 [tσ√MSWD] Ma (MSDW=9489.85)
    common 207Pb/206Pb = 0.83566 (17.24 Ma)
    Reduced Chi-squared = 9489.85 (Failed)
d: Histogram
All done.
Saving Hoshi2019chemg_Tf1_cor_diseq_Pbc.pdf
