============================================================
Data filename is Hoshi2019chemg_Tf2.csv
Configuration filename is Hoshi2019chemg_Tf2_cor_diseq_Pbc.cfg
Output filename is Hoshi2019chemg_Tf2_cor_diseq_Pbc.pdf
# Input data (first 5 lines)
------------------------------------------------------------
207Pb/235U  1s     206Pb/238U  1s     207Pb/206Pb  1s
column[4]   column[5] column[6]   column[7] column[8]    column[9]
0.01731     0.00049   0.00268    0.00003    0.04694    0.00049
0.01689     0.00047   0.00261    0.00003    0.04695    0.00047
0.01716     0.00063   0.00265    0.00003    0.04694    0.00063
0.01708     0.00056   0.00264    0.00003    0.04694    0.00056
0.01733     0.00063   0.00268    0.00003    0.04694    0.00063
------------------------------------------------------------
Range of data
207Pb/235U: 0.01677--0.01781
206Pb/238U: 0.00259--0.00275
207Pb/206Pb: 0.04694--0.04695
238U/206Pb: 363.12496--385.72965
------------------------------------------------------------
Discordant data means that the error ellipses do not intersect the concordia line.
------------------------------------------------------------
U-Pb ages^ (Ma) [2 sigma]
#	f206%	T68*	+-s	T75	+-s	T76*	+s	-s	
1	-0.22	17.31	0.16	17.31	0.49	17.29	-12.64	-4.69
2	0.00	16.89	0.16	16.89	0.47	16.88	-12.17	-5.10
3	-0.11	17.17	0.19	17.17	0.63	17.15	-13.28	-4.83
4	0.38	17.08	0.16	17.08	0.57	17.08	-12.87	-4.90
5	-0.31	17.33	0.19	17.33	0.63	17.31	-13.44	-4.67
6	0.02	17.01	0.16	17.01	0.44	17.01	-12.03	-4.97
7	-0.36	17.21	0.16	17.21	0.48	17.19	-12.53	-4.79
8	0.44	16.94	0.16	16.94	0.52	16.94	-12.48	-5.04
9	0.19	17.11	0.16	17.11	0.44	17.11	-12.09	-4.88
10	-0.10	16.78	0.16	16.78	0.47	16.76	-12.10	-5.22
11	-0.08	17.10	0.16	17.10	0.39	17.09	-11.70	-4.89
12	0.26	16.91	0.16	16.91	0.53	16.90	-12.56	-5.08
13	0.31	17.29	0.16	17.29	0.54	17.27	-12.86	-4.71
14	0.01	17.59	0.13	17.59	0.32	17.57	-11.50	-4.41
15	0.02	17.14	0.13	17.14	0.43	17.13	-12.15	-4.85
16	0.30	17.22	0.16	17.22	0.59	17.21	-13.14	-4.77
17	0.22	17.81	0.13	17.81	0.41	17.80	-12.46	-4.18
18	0.46	16.94	0.13	16.94	0.60	16.93	-12.96	-5.05
19	-0.16	17.24	0.13	17.24	0.42	17.22	-12.13	-4.76
20	0.27	16.97	0.13	16.97	0.56	16.97	-12.80	-5.01
21	-0.04	17.28	0.13	17.28	0.39	17.26	-11.95	-4.72
22	-0.10	17.29	0.13	17.29	0.52	17.27	-12.83	-4.71
23	0.18	16.79	0.13	16.79	0.53	16.78	-12.52	-5.20
24	-0.17	17.24	0.13	17.24	0.41	17.22	-12.06	-4.76
25	-0.27	17.06	0.13	17.06	0.57	17.06	-12.94	-4.92
26	0.12	17.13	0.13	17.13	0.50	17.12	-12.63	-4.86
27	0.05	17.14	0.13	17.14	0.40	17.13	-11.92	-4.85
* Correction for common Pb by 207Pb method
^ Correction for initial disequilibria.
------------------------------------------------------------
Normality test: failed (p = 0.10)
Concordants (accepted) are  [ 1  2  3  4  5  6  7  8  9 10 11 12 13 15 16 18 19 20 21 22 23 24 25 26
 27]
Concordants (excluded) are  [14. 17.]
------------------------------------------------------------
a: Conventional concordia diagram
    Error ellipses are 95% for data points
    Error ellipse is 95% for 2D weighted mean
    Concordia age = 17.01 ± 0.06 [95% conf.] / ± 0.05 [t√MSWD] Ma
    MSWD concordance / equivalence / combined = 5.07 / 0.71 / 0.80
    P-value concordance / equivalence / combined = 0.02 / 0.93 / 0.84
b: Tera-Wasserburg concordia diagram
    Concordia age = 17.03 ± 0.06 [95% conf.] / ± 0.05 [t√MSWD] Ma
    MSWD concordance / equivalence / combined = 4.94 / 0.61 / 0.70
    P-value concordance / equivalence / combined = 0.03 / 0.99 / 0.95
c: One-dimensional bar plot
    1D weighted mean age = 17.10 ± 0.06 Ma [95% conf.] (MSDW=1.20)
    common 207Pb/206Pb = 0.83566 (17.10 Ma)
    Reduced Chi-squared = 1.20 (Passed)
d: Histogram
All done.
Saving Hoshi2019chemg_Tf2_cor_diseq_Pbc.pdf
