============================================================
Data filename is Hoshi2019chemg_Tf1.csv
Configuration filename is Hoshi2019chemg_Tf1_cor_diseq.cfg
Output filename is Hoshi2019chemg_Tf1_cor_diseq.pdf
# Input data (first 5 lines)
------------------------------------------------------------
207Pb/235U  1s     206Pb/238U  1s     207Pb/206Pb  1s
column[4]   column[5] column[6]   column[7] column[8]    column[9]
0.01708     0.00097   0.00266    0.00003    0.04654    0.00097
0.01721     0.00040   0.00266    0.00002    0.04695    0.00040
0.01786     0.00083   0.00268    0.00003    0.04824    0.00083
0.01712     0.00080   0.00263    0.00003    0.04714    0.00080
0.01641     0.00072   0.00260    0.00003    0.04579    0.00072
------------------------------------------------------------
Range of data
207Pb/235U: 0.01641--0.02079
206Pb/238U: 0.00250--0.00275
207Pb/206Pb: 0.04478--0.05749
238U/206Pb: 363.63636--400.00000
------------------------------------------------------------
Discordant data means that the error ellipses do not intersect the concordia line.
------------------------------------------------------------
U-Pb ages^ (Ma) [2 sigma]
#	6/8	+-s	7/5	+-s	7/6	+s	-s	
1	17.21	0.19	17.08	0.97	22.15	-18.91	-0.00
2	17.21	0.13	17.21	0.40	17.56	-12.23	-4.59
3	17.34	0.19	17.86	0.83	4.62	-2.34	-17.52
4	17.02	0.19	17.12	0.80	11.13	-8.06	-11.01
5	16.83	0.19	16.41	0.72	22.15	-16.04	0.00
6	16.95	0.23	20.78	1.16	0.91	-0.18	-0.31
7	16.95	0.19	17.83	0.88	2.95	-1.21	-10.55
8	16.57	0.19	17.06	0.80	4.27	-2.09	-17.88
9	17.40	0.19	20.67	0.90	1.07	-0.19	-0.32
10	17.40	0.19	16.63	0.72	22.15	-0.00	-0.00
11	17.47	0.16	19.02	0.70	2.00	-0.52	-1.13
12	17.28	0.16	20.05	0.84	1.21	-0.24	-0.41
13	17.02	0.10	17.88	0.43	3.02	-0.78	-1.70
14	17.28	0.13	17.55	0.67	6.17	-3.31	-15.97
15	16.63	0.19	19.39	0.90	1.18	-0.24	-0.44
16	17.02	0.16	19.18	0.74	1.46	-0.31	-0.57
17	16.95	0.13	17.34	0.63	5.25	-2.53	-16.90
18	17.79	0.16	19.65	0.77	1.72	-0.42	-0.86
19	17.08	0.16	18.85	0.79	1.71	-0.44	-0.96
20	16.44	0.19	17.02	0.99	3.92	-2.05	-18.23
21	17.79	0.16	17.52	0.84	22.15	-18.01	-0.00
22	17.28	0.16	18.07	0.78	3.26	-1.31	-10.09
23	16.89	0.16	16.55	0.67	22.15	-16.03	-0.00
24	17.47	0.19	17.15	0.92	22.15	-17.90	0.00
25	17.02	0.16	17.04	0.73	16.79	-13.32	-5.36
26	16.76	0.19	18.00	1.04	2.33	-0.91	-5.40
27	16.70	0.19	18.04	1.05	2.15	-0.80	-3.80
28	16.18	0.16	16.64	0.76	4.69	-2.39	-17.45
29	17.28	0.16	18.99	0.79	1.78	-0.47	-1.05
30	17.08	0.13	17.52	0.47	4.69	-1.79	-13.33
^ Correction for initial disequilibria.
------------------------------------------------------------
Normality test: failed (p = 0.82)
Concordants (accepted) are  [ 1  2  3  4  5  7  8 10 11 13 14 17 19 22 23 24 25 26 27 29 30]
Concordants (excluded) are  [20. 21. 28.]
Discordants are  [ 6.  9. 12. 15. 16. 18.]
------------------------------------------------------------
a: Conventional concordia diagram
    Error ellipses are 95% for data points
    Error ellipse is 95% for 2D weighted mean
    Concordia age = 17.00 ± 0.07 [95% conf.] / ± 0.11 [t√MSWD] Ma
    MSWD concordance / equivalence / combined = 19.37 / 1.99 / 2.42
    P-value concordance / equivalence / combined = 0.00 / 0.00 / 0.00
b: Tera-Wasserburg concordia diagram
    Concordia age = 17.01 ± 0.07 [95% conf.] / ± 0.11 [t√MSWD] Ma
    MSWD concordance / equivalence / combined = 19.08 / 1.99 / 2.41
    P-value concordance / equivalence / combined = 0.00 / 0.00 / 0.00
c: One-dimensional bar plot
    1D weighted mean age = 17.09 ± 0.07 Ma [95% conf.] (MSDW=1.98)
    Reduced Chi-squared = 1.98 (Failed, over dispersion or uncertainties underestimated)
d: Histogram
All done.
Saving Hoshi2019chemg_Tf1_cor_diseq.pdf
