============================================================
Data filename is Hoshi2019chemg_Tf2.csv
Configuration filename is Hoshi2019chemg_Tf2_no_cor.cfg
Output filename is Hoshi2019chemg_Tf2_no_cor.pdf
# Input data (first 5 lines)
------------------------------------------------------------
207Pb/235U  1s     206Pb/238U  1s     207Pb/206Pb  1s
column[4]   column[5] column[6]   column[7] column[8]    column[9]
0.01664     0.00049   0.00267    0.00003    0.04517    0.00049
0.01689     0.00047   0.00261    0.00003    0.04698    0.00047
0.01685     0.00063   0.00265    0.00003    0.04604    0.00063
0.01823     0.00056   0.00265    0.00003    0.04992    0.00056
0.01636     0.00063   0.00267    0.00003    0.04448    0.00063
------------------------------------------------------------
Range of data
207Pb/235U: 0.01609--0.01855
206Pb/238U: 0.00259--0.00276
207Pb/206Pb: 0.04410--0.05061
238U/206Pb: 362.31884--386.10039
------------------------------------------------------------
Discordant data means that the error ellipses do not intersect the concordia line.
------------------------------------------------------------
U-Pb ages (Ma) [2σ]
#	T68	+-2s	T75	+-2s	T76	+2s	-2s
1	17.19	0.32	16.76	0.99	-47.43	131.96	137.42
2	16.80	0.32	17.01	0.95	47.27	121.79	126.47
3	17.06	0.39	16.97	1.27	-1.23	168.44	177.48
4	17.06	0.32	18.34	1.14	190.35	133.31	138.99
5	17.19	0.39	16.48	1.27	-85.01	177.49	187.49
6	16.93	0.32	17.21	0.88	53.87	111.05	114.92
7	17.06	0.32	16.21	0.97	-106.07	136.08	141.87
8	16.93	0.32	18.40	1.04	213.95	120.38	125.00
9	17.06	0.32	17.84	0.89	119.89	105.80	109.32
10	16.67	0.32	16.62	0.95	6.60	126.79	131.85
11	16.99	0.32	17.01	0.79	13.88	100.17	103.30
12	16.87	0.32	17.80	1.07	147.39	130.37	135.78
13	17.25	0.32	18.34	1.08	166.41	126.16	131.22
14	17.51	0.26	17.74	0.64	48.80	80.30	82.30
15	17.06	0.26	17.34	0.87	53.87	111.54	115.45
16	17.19	0.32	18.27	1.18	161.68	142.45	148.94
17	17.77	0.26	18.66	0.81	132.01	95.66	98.54
18	16.93	0.26	18.47	1.21	222.20	142.17	148.66
19	17.12	0.26	16.87	0.84	-20.20	112.48	116.44
20	16.93	0.26	17.89	1.12	150.73	138.35	144.46
21	17.19	0.26	17.26	0.79	28.86	101.77	105.01
22	17.19	0.26	17.11	1.04	6.60	137.31	143.26
23	16.74	0.26	17.46	1.07	116.48	136.08	141.97
24	17.12	0.26	16.82	0.82	-23.91	110.16	113.96
25	16.93	0.26	16.37	1.14	-64.75	160.39	168.52
26	17.06	0.26	17.62	1.01	91.42	128.16	133.36
27	17.06	0.26	17.40	0.81	66.48	102.91	106.24
------------------------------------------------------------
Normality test: passed (p = 0.02)
i_max [16]
i_max [13]
i_max [20, 21]
Concordants (accepted) are  [ 1  2  3  4  5  6  7  9 10 11 12 13 15 16 19 20 21 22 23 24 25 26 27]
Discordants are  [ 8. 18.]
Concordants (excluded) are  [14. 17.]
------------------------------------------------------------
a: Conventional concordia diagram
    Error ellipses are 95% for data points
    Error ellipse is 95% for 2D weighted mean
    Concordia age = 17.03 ± 0.06 [2σ] / ± 0.08 [tσ√MSWD] Ma
    MSWD concordance / equivalence / combined = 4.41 / 1.40 / 1.47
    P-value concordance / equivalence / combined = 0.04 / 0.04 / 0.02
b: Tera-Wasserburg concordia diagram
    Concordia age = 17.03 ± 0.06 [2σ] / ± 0.08 [tσ√MSWD] Ma
    MSWD concordance / equivalence / combined = 4.21 / 1.39 / 1.45
    P-value concordance / equivalence / combined = 0.04 / 0.05 / 0.03
c: One-dimensional bar plot
    1D weighted mean age = 17.03 ± 0.06 [2σ] / ± 0.07 [tσ√MSWD] Ma (MSDW=1.07)
    Reduced Chi-squared = 1.07 (Passed)
d: Histogram
All done.
Saving Hoshi2019chemg_Tf2_no_cor.pdf
