============================================================
Data filename is Iida2015ia_080122I01.csv
Configuration filename is Iida2015ia_080122I01.cfg
Output filename is Iida2015ia_080122I01.pdf
# Input data (first 5 lines)
------------------------------------------------------------
207Pb/235U  1s     206Pb/238U  1s     207Pb/206Pb  1s
column[7]   column[8] column[5]   column[6] column[3]    column[4]
0.08870     0.00305   0.01290    0.00016    0.04990    0.00305
0.08840     0.00290   0.01280    0.00015    0.05010    0.00290
0.09850     0.00325   0.01296    0.00016    0.05510    0.00325
0.09920     0.00350   0.01310    0.00016    0.05500    0.00350
0.08840     0.00230   0.01276    0.00015    0.05020    0.00230
------------------------------------------------------------
Range of data
207Pb/235U: 0.08030--0.09920
206Pb/238U: 0.01253--0.01337
207Pb/206Pb: 0.04490--0.05510
238U/206Pb: 74.79432--79.80846
------------------------------------------------------------
Discordant data means that the error ellipses do not intersect the concordia line.
------------------------------------------------------------
U-Pb ages (Ma) [2σ]
#	T68	+-2s	T75	+-2s	T76	+2s	-2s
1	82.6	2.0	86.3	5.9	189.4	145.9	152.7
2	82.0	2.0	86.0	5.6	198.7	140.6	147.0
3	83.0	2.0	95.4	6.3	415.4	135.0	140.9
4	83.9	2.1	96.0	6.8	411.3	143.1	149.8
5	81.7	1.9	86.0	4.5	203.4	104.6	108.1
6	80.6	1.9	83.4	4.6	161.2	116.5	120.8
7	80.3	1.9	89.6	5.6	344.9	128.7	134.1
8	83.4	2.0	78.7	6.0	-62.0	169.4	178.5
9	81.2	2.0	84.5	6.1	180.1	155.7	163.5
10	81.3	3.7	86.5	9.2	230.9	215.4	230.7
11	81.6	3.7	78.7	7.8	-8.6	208.9	223.0
12	81.2	3.5	85.5	6.7	208.0	148.7	155.8
13	84.7	3.8	89.5	7.7	221.7	164.9	173.7
14	82.9	3.9	91.2	11.6	310.7	249.7	270.6
15	81.7	3.7	83.4	8.9	132.5	219.4	235.1
16	85.6	3.6	85.9	5.1	93.4	92.6	95.3
17	82.0	3.5	84.0	5.5	142.1	113.2	117.3
18	82.0	3.7	85.6	8.6	189.4	199.0	211.9
19	81.0	3.5	78.4	5.6	1.9	133.2	138.8
------------------------------------------------------------
Normality test: failed (p = 0.20)
i_max [15]
Concordants (accepted) are  [ 1  2  5  6  8  9 10 11 12 13 14 15 16 17 18 19]
Discordants are  [3. 4. 7.]
------------------------------------------------------------
a: Conventional concordia diagram
    Error ellipses are 95% for data points
    Error ellipse is 95% for 2D weighted mean
    Concordia age = 82.0 ± 0.7 [2σ] / ± 0.9 [tσ√MSWD] Ma
    MSWD concordance / equivalence / combined = 8.85 / 1.40 / 1.64
    P-value concordance / equivalence / combined = 0.00 / 0.07 / 0.01
b: Tera-Wasserburg concordia diagram
    Concordia age = 82.1 ± 0.7 [2σ] / ± 0.9 [tσ√MSWD] Ma
    MSWD concordance / equivalence / combined = 8.44 / 1.40 / 1.63
    P-value concordance / equivalence / combined = 0.00 / 0.07 / 0.02
c: One-dimensional bar plot
    1D weighted mean age = 82.0 ± 0.7 [2σ] / ± 0.6 [tσ√MSWD] Ma (MSDW=0.8)
    Reduced Chi-squared = 0.8 (Passed)
d: Histogram
All done.
Saving Iida2015ia_080122I01.pdf
