============================================================
Data filename is Ishihara2015ia_TableS1_68A-64.csv
Configuration filename is Ishihara2015ia_TableS1_68A-64.cfg
Output filename is Ishihara2015ia_TableS1_68A-64.pdf
# Input data (first 5 lines)
------------------------------------------------------------
207Pb/235U  1s     206Pb/238U  1s     207Pb/206Pb  1s
column[9]   column[11] column[6]   column[8] column[3]    column[5]
0.11190     0.00280   0.01664    0.00034    0.04880    0.00280
0.11770     0.00295   0.01725    0.00035    0.04950    0.00295
0.11380     0.00265   0.01681    0.00034    0.04910    0.00265
0.11740     0.00395   0.01753    0.00034    0.04860    0.00395
0.18110     0.00410   0.01871    0.00036    0.07020    0.00410
------------------------------------------------------------
Range of data
207Pb/235U: 0.10480--0.34000
206Pb/238U: 0.01643--0.02220
207Pb/206Pb: 0.04590--0.11550
238U/206Pb: 45.04505--60.86427
------------------------------------------------------------
Discordant data means that the error ellipses do not intersect the concordia line.
------------------------------------------------------------
U-Pb ages (Ma) [2 sigma]
#	6/8	+-s	7/5	+-s	7/6	+s	-s	
1	106.4	2.1	107.7	2.7	137.2	33.4	34.0
2	110.3	2.2	113.0	2.8	170.5	32.7	33.4
3	107.5	2.2	109.4	2.5	151.6	28.4	28.9
4	112.0	2.2	112.7	3.8	127.5	64.1	66.7
5	119.5	2.3	169.0	3.8	933.3	24.6	25.0
6	112.8	2.2	116.4	2.9	193.9	34.5	35.3
7	119.6	2.3	260.1	6.2	1849.0	23.8	24.2
8	115.2	2.2	116.8	3.0	151.6	40.1	41.1
9	108.9	1.9	110.3	2.5	142.0	30.9	31.5
10	111.0	2.0	114.1	3.1	175.2	46.4	47.7
11	105.1	1.9	104.0	2.3	78.4	29.7	30.2
12	108.7	1.9	111.1	2.5	161.1	28.2	28.7
13	105.5	1.9	118.7	2.8	390.8	32.6	33.3
14	111.1	2.0	122.6	3.7	349.0	54.0	55.9
15	105.9	1.9	101.2	2.7	-8.7	46.7	48.0
16	106.4	1.9	106.7	2.5	112.9	33.8	34.6
17	111.0	2.5	114.2	3.2	179.9	37.1	38.0
18	110.8	2.5	115.7	3.3	217.0	40.7	41.8
19	114.0	2.6	120.8	3.4	253.3	37.7	38.6
20	141.5	3.2	138.6	3.7	83.3	34.5	35.2
21	136.5	3.2	297.2	7.9	1886.9	22.4	22.8
22	111.5	2.5	113.5	3.2	156.3	37.6	38.5
23	105.6	2.4	143.1	3.9	821.2	31.1	31.7
24	116.7	2.7	117.8	3.3	137.2	38.1	39.0
------------------------------------------------------------
Normality test: passed (p = 0.00)
Concordants (accepted) are  [ 1  2  3  4  6  8  9 10 11 12 16 17 22 24]
Concordants (excluded) are  [20.]
Discordants are  [ 5.  7. 13. 14. 15. 18. 19. 21. 23.]
------------------------------------------------------------
a: Conventional concordia diagram
    Error ellipses are 95% for data points
    Concordia age = 109.8 ± 1.1 [95% conf.] / ± 1.8 [t√MSWD] Ma
    MSWD concordance / equivalence / combined = 14.39 / 2.13 / 2.59
    P-value concordance / equivalence / combined = 0.00 / 0.00 / 0.00
b: Tera-Wasserburg concordia diagram
    Concordia age = 110.2 ± 1.1 [95% conf.] / ± 1.8 [t√MSWD] Ma
    MSWD concordance / equivalence / combined = 14.57 / 2.16 / 2.62
    P-value concordance / equivalence / combined = 0.00 / 0.00 / 0.00
c: One-dimensional bar plot
    1D weighted mean age = 109.8 ± 1.1 Ma [95% conf.] (MSDW=2.4)
    Reduced Chi-squared = 2.4 (Failed, over dispersion or uncertainties underestimated)
d: Histogram
All done.
Saving Ishihara2015ia_TableS1_68A-64.pdf
