============================================================
Data filename is Iwano2013ia_TableA8.csv
Configuration filename is Iwano2013ia_TableA8.cfg
Output filename is Iwano2013ia_TableA8.pdf
# Input data (first 5 lines)
------------------------------------------------------------
207Pb/235U  1s     206Pb/238U  1s     207Pb/206Pb  1s
column[9]   column[11] column[6]   column[8] column[3]    column[5]
0.04000     0.00390   0.00509    0.00012    0.05700    0.00550
0.03200     0.00305   0.00504    0.00011    0.04610    0.00425
0.03880     0.00315   0.00499    0.00010    0.05640    0.00445
0.03170     0.00335   0.00518    0.00012    0.04440    0.00460
0.03800     0.00550   0.00542    0.00018    0.05100    0.00750
------------------------------------------------------------
Range of data
207Pb/235U: 0.02650--0.04190
206Pb/238U: 0.00469--0.00554
207Pb/206Pb: 0.03750--0.06100
238U/206Pb: 180.50542--213.21962
------------------------------------------------------------
Discordant data are not excluded from calculation
------------------------------------------------------------
U-Pb ages^ (Ma) [2 sigma]
#	6/8	+-s	7/5	+-s	7/6	+s	-s	
1	32.8	0.8	39.7	3.9	1.0	-0.4	-21.2
2	32.5	0.7	31.9	3.0	22.1	-21.0	-0.0
3	32.2	0.6	38.5	3.1	1.0	-0.4	-6.4
4	33.4	0.7	31.6	3.3	22.1	-20.8	0.0
5	34.9	1.2	37.8	5.5	2.0	-1.5	-20.1
6	32.6	1.1	35.8	5.5	2.0	-1.5	-20.1
7	35.1	0.9	34.7	3.9	22.1	-21.1	0.0
8	34.0	0.9	41.6	4.5	0.9	-0.4	-21.3
9	32.0	1.1	38.7	5.5	1.0	-0.5	-21.2
10	33.4	0.9	28.9	3.6	22.1	-20.1	-0.0
11	34.1	1.0	31.3	4.0	22.1	-20.9	-0.0
12	31.1	1.1	27.3	4.4	22.1	-20.9	-0.0
13	31.5	1.0	40.7	5.5	0.7	-0.3	-21.4
14	32.9	0.7	38.4	3.2	1.2	-0.5	-21.0
15	30.3	0.7	32.5	3.6	2.5	-1.8	-19.6
16	31.9	0.9	38.5	4.4	1.0	-0.5	-21.2
17	32.0	0.8	28.7	3.4	22.1	-20.5	0.0
18	35.7	0.7	40.7	3.4	1.3	-0.6	-20.9
19	32.2	0.9	40.7	5.0	0.8	-0.4	-21.3
20	33.0	0.7	26.4	3.0	22.1	-0.0	-0.0
21	33.8	0.8	32.0	3.4	22.1	-20.8	0.0
^ Correction for initial disequilibria.
------------------------------------------------------------
Normality test: failed (p = 0.95)
Concordants (accepted) are  [ 1  2  3  4  5  6  7  8  9 10 11 12 13 14 15 16 17 19 20 21]
Concordants (excluded) are  [18.]
a: Tera-Wasserburg concordia diagram
    Concordia age = 32.7 ± 0.4 [95% conf.] / ± 0.5 [t√MSWD] Ma
    MSWD concordance / equivalence / combined = 2.80 / 1.99 / 2.01
    P-value concordance / equivalence / combined = 0.09 / 0.00 / 0.00
b: One-dimensional bar plot
    1D weighted mean age = 32.7 ± 0.4 Ma [95% conf.] (MSDW=1.9)
    Reduced Chi-squared = 1.9 (Failed, over dispersion or uncertainties underestimated)
c: Histogram
All done.
Saving Iwano2013ia_TableA8.pdf
