============================================================
Data filename is Labrado2015cjes.csv
Configuration filename is Labrado2015cjes.cfg
Output filename is Labrado2015cjes.pdf
# Input data (first 5 lines)
------------------------------------------------------------
207Pb/235U  1s     206Pb/238U  1s     207Pb/206Pb  1s
column[6]   column[7] column[8]   column[9] column[4]    column[5]
0.12270     0.02871   0.01820    0.00078    0.04876    0.01122
0.11910     0.01120   0.01840    0.00044    0.04698    0.00427
0.12490     0.02248   0.01860    0.00084    0.04878    0.00854
0.14280     0.04641   0.01860    0.00086    0.05558    0.01784
0.12870     0.01493   0.01870    0.00050    0.04988    0.00564
------------------------------------------------------------
Range of data
207Pb/235U: 0.11570--0.14280
206Pb/238U: 0.01820--0.01970
207Pb/206Pb: 0.04267--0.05558
238U/206Pb: 50.76142--54.94505
------------------------------------------------------------
Discordant data means that the error ellipses do not intersect the concordia line.
------------------------------------------------------------
U-Pb ages (Ma) [2 sigma]
#	6/8	+-s	7/5	+-s	7/6	+s	-s	
1	116.357	5.003	117.400	27.471	135.332	826.683	1716.226
2	117.623	2.823	114.138	10.729	47.007	385.510	503.820
3	118.889	5.350	119.387	21.490	136.054	664.568	1129.646
4	118.889	5.469	135.417	44.011	434.737	1016.583	3094.686
5	119.522	3.227	122.812	14.246	188.325	455.293	632.890
6	119.522	7.530	134.528	39.955	407.950	949.084	2481.618
7	119.522	5.020	124.968	43.239	228.327	1099.060	4017.520
8	120.155	3.965	116.223	18.828	44.337	623.528	1010.318
9	120.155	3.484	121.101	9.567	147.209	314.532	389.597
10	120.155	4.085	117.400	10.449	68.610	349.888	444.751
11	120.155	4.205	129.715	12.842	305.796	376.065	490.416
12	120.787	3.261	118.755	5.819	85.563	183.777	206.936
13	120.787	3.020	118.032	18.177	69.558	598.087	945.534
14	120.787	3.261	119.658	12.684	103.994	425.911	576.130
15	120.787	10.629	120.290	28.749	115.452	806.684	1626.598
16	120.787	3.865	117.580	21.517	50.791	689.579	1199.515
17	121.420	3.885	122.901	14.379	154.754	454.346	630.478
18	121.420	6.314	120.560	32.672	100.901	929.255	2253.748
19	122.053	2.929	121.191	17.088	113.217	550.760	832.933
20	122.053	4.028	121.551	11.061	119.799	358.151	458.671
21	122.053	3.784	127.031	16.006	227.366	483.393	689.584
22	122.053	8.666	115.770	122.022	0.000	2265.353	113660.227
23	122.053	2.319	134.706	18.320	363.112	512.475	753.979
24	122.053	5.614	114.138	35.725	0.000	1065.614	3327.364
25	122.685	4.294	129.626	11.666	262.013	342.141	433.833
26	123.318	3.330	122.092	9.279	104.142	305.195	375.102
27	124.582	3.987	117.490	24.673	0.000	783.307	1516.237
28	125.847	4.782	111.049	18.545	0.000	662.169	1104.051
------------------------------------------------------------
Normality test: failed (p = 0.55)
Concordants (accepted) are  [ 1  2  3  4  5  6  7  8  9 10 11 12 13 14 15 16 17 18 19 20 21 22 23 24
 25 26 27 28]
a: One-dimensional bar plot
    1D weighted mean age = 120.999 ± 1.473 Ma [95% conf.] (MSDW=0.228)
    Reduced Chi-squared = 0.228 (Failed, under dispersion or uncertainties overestimated)
b: Histogram
All done.
Saving Labrado2015cjes.pdf
