============================================================
Data filename is Li2016Lithos_Ash1.csv
Configuration filename is Li2016Lithos_Ash1.cfg
Output filename is Li2016Lithos_Ash1.pdf
# Input data (first 5 lines)
------------------------------------------------------------
207Pb/235U  1s     206Pb/238U  1s     207Pb/206Pb  1s
column[8]   column[9] column[10]   column[11] column[6]    column[7]
0.37754     0.00774   0.05150    0.00080    0.05314    0.00774
0.34638     0.01150   0.04950    0.00080    0.05079    0.01150
0.38316     0.00797   0.05170    0.00078    0.05379    0.00797
0.36036     0.00677   0.04930    0.00074    0.05304    0.00677
0.36889     0.00679   0.05040    0.00076    0.05309    0.00679
------------------------------------------------------------
Range of data
207Pb/235U: 0.34638--0.38887
206Pb/238U: 0.04930--0.05330
207Pb/206Pb: 0.05063--0.05379
238U/206Pb: 18.76173--20.28398
------------------------------------------------------------
Discordant data means that the error ellipses do not intersect the concordia line.
------------------------------------------------------------
U-Pb ages (Ma) [2σ]
#	T68	+-2s	T75	+-2s	T76	+2s	-2s
1	323.7	10.1	325.2	13.3	333.9	59.7	60.9
2	311.4	10.0	302.0	20.1	230.4	131.7	137.3
3	324.9	9.8	329.4	13.7	361.4	63.9	65.2
4	310.2	9.3	312.5	11.7	329.6	50.9	51.7
5	317.0	9.5	318.8	11.7	331.8	48.2	48.9
6	323.7	9.7	319.2	13.5	284.1	67.5	68.9
7	315.1	9.5	304.3	16.6	223.1	103.3	106.7
8	334.7	10.4	333.5	11.1	323.6	28.0	28.3
9	318.2	9.5	315.1	12.9	292.4	62.4	63.7
10	331.7	9.9	325.4	12.0	278.3	48.6	49.4
11	323.1	9.7	321.6	16.5	308.5	93.8	96.6
12	312.7	9.4	318.4	11.8	361.4	48.4	49.1
13	318.2	9.8	316.1	18.0	299.8	107.2	110.9
14	313.9	9.4	315.1	13.5	321.5	69.2	70.7
------------------------------------------------------------
Normality test: failed (p = 0.40)
i_max [7]
Concordants (accepted) are  [ 1  2  3  4  5  6  8  9 11 13 14]
Discordants are  [ 7. 10. 12.]
------------------------------------------------------------
a: Conventional concordia diagram
    Error ellipses are 68% for data points
    Error ellipse is 95% for 2D weighted mean
    Concordia age = 319.6 ± 2.8 [2σ] / ± 3.7 [tσ√MSWD] Ma
    MSWD concordance / equivalence / combined = 0.07 / 1.38 / 1.32
    P-value concordance / equivalence / combined = 0.79 / 0.12 / 0.15
b: Tera-Wasserburg concordia diagram
    Concordia age = 320.1 ± 2.8 [2σ] / ± 3.7 [tσ√MSWD] Ma
    MSWD concordance / equivalence / combined = 0.01 / 1.40 / 1.33
    P-value concordance / equivalence / combined = 0.92 / 0.11 / 0.14
c: One-dimensional bar plot
    1D weighted mean age = 319.6 ± 2.9 [2σ] / ± 4.7 [tσ√MSWD] Ma (MSDW=2.0)
    Reduced Chi-squared = 2.0 (Failed)
d: Histogram
All done.
Saving Li2016Lithos_Ash1.pdf
