

============================================================
Data filename is Noda2017bgsj_KT01.csv
Configuration filename is Noda2017bgsj_KT01.cfg
Output filename is Noda2017bgsj_KT01.pdf
# Input data (first 5 lines)
------------------------------------------------------------
207Pb/235U  1s     206Pb/238U  1s     207Pb/206Pb  1s
column[5]   column[6] column[3]   column[4] column[1]    column[2]
0.06878     0.00588   0.01172    0.00021    0.04254    0.00365
0.07641     0.00400   0.01175    0.00014    0.04713    0.00254
0.07949     0.00375   0.01193    0.00024    0.04829    0.00242
0.07982     0.00431   0.01195    0.00025    0.04840    0.00274
0.08267     0.00392   0.01202    0.00025    0.04987    0.00251
------------------------------------------------------------
Range of data
207Pb/235U: 0.06878--0.10098
206Pb/238U: 0.01172--0.01462
207Pb/206Pb: 0.04254--0.05538
238U/206Pb: 68.41635--85.30531
------------------------------------------------------------
Discordant data means that the error ellipses do not intersect the concordia line.
------------------------------------------------------------
U-Pb ages^ (Ma) [2 sigma]
#	6/8	+-s	7/5	+-s	7/6	+s	-s	
1	75.2	1.3	67.4	5.8	0.0	382.5	496.0
2	75.4	0.9	74.6	3.9	54.7	238.7	279.3
3	76.6	1.6	77.5	3.7	112.4	221.2	255.7
4	76.7	1.6	77.9	4.2	118.0	246.9	290.7
5	77.1	1.6	80.5	3.8	187.8	219.2	253.3
6	77.6	1.6	78.7	3.5	116.8	210.8	242.0
7	77.7	1.5	80.4	3.4	167.5	199.4	227.1
8	77.9	1.2	77.5	5.3	68.4	299.3	366.0
9	78.0	0.9	77.2	4.1	59.6	239.9	280.9
10	78.4	1.6	81.4	3.7	174.4	214.3	246.7
11	78.6	0.9	74.6	4.0	0.0	247.9	291.5
12	78.6	0.9	75.6	3.8	0.0	233.8	272.3
13	78.8	1.6	79.5	3.8	105.9	222.3	257.2
14	79.0	0.9	85.0	4.0	259.4	211.6	243.3
15	79.1	1.6	71.8	3.4	0.0	234.7	273.0
16	79.5	1.1	77.4	5.1	19.1	290.6	352.8
17	79.6	1.6	89.7	3.9	372.6	197.5	225.1
18	79.7	1.6	79.9	3.2	90.4	193.2	219.0
19	79.8	1.6	77.4	3.6	7.5	223.2	258.0
20	79.8	1.6	73.3	3.2	0.0	218.0	250.8
21	79.8	1.6	79.8	3.4	82.6	204.2	233.2
22	81.9	1.6	86.1	3.6	207.3	196.8	223.9
23	84.2	1.9	96.9	9.4	426.8	379.9	498.3
24	88.2	1.1	93.6	5.3	237.1	244.2	287.5
25	89.9	1.0	95.3	4.6	235.9	214.7	247.4
26	90.9	1.1	97.6	5.1	266.8	229.5	267.3
27	91.3	0.9	83.3	3.9	0.0	223.1	257.6
28	92.1	1.3	95.9	6.1	195.9	274.9	330.8
29	93.6	0.9	91.7	4.0	44.5	203.2	231.8
30	93.6	1.9	87.3	4.5	0.0	246.8	289.9
^ Correction for initial disequilibria.
------------------------------------------------------------
Normality test: passed (p = 0.00)
Concordants (accepted) are  [ 1  2  3  4  5  6  7  8  9 10 11 12 13 14 15 16 18 19 20 21 22]
Concordants (excluded) are  [23. 24. 25. 26. 27. 28. 29. 30.]
Discordants are  [17.]
------------------------------------------------------------
a: Conventional concordia diagram
    Error ellipses are 95% for data points
    Error ellipse is 95% for 2D weighted mean
    Concordia age = 78.1 ± 0.5 [95% conf.] / ± 0.6 [t√MSWD] Ma
    MSWD concordance / equivalence / combined = 0.01 / 1.32 / 1.29
    P-value concordance / equivalence / combined = 0.93 / 0.08 / 0.10
b: Tera-Wasserburg concordia diagram
    Concordia age = 78.2 ± 0.5 [95% conf.] / ± 0.6 [t√MSWD] Ma
    MSWD concordance / equivalence / combined = 0.00 / 1.32 / 1.28
    P-value concordance / equivalence / combined = 0.96 / 0.09 / 0.10
c: One-dimensional bar plot
    1D weighted mean age = 78.2 ± 0.5 Ma [95% conf.] (MSDW=1.5)
    Reduced Chi-squared = 1.5 (Passed)
d: Histogram
All done.
Saving Noda2017bgsj_KT01.pdf
