============================================================
Data filename is Yang2015jaes.csv
Configuration filename is Yang2015jaes.cfg
Output filename is Yang2015jaes.pdf
# Input data (first 5 lines)
------------------------------------------------------------
207Pb/235U  1s     206Pb/238U  1s     207Pb/206Pb  1s
column[5]   column[6] column[7]   column[8] column[9]    column[10]
11.85830     0.16920   0.50510    0.00500    0.17030    0.16920
11.25270     0.16030   0.46670    0.00450    0.17490    0.16030
10.77580     0.15510   0.44520    0.00450    0.17560    0.15510
8.43120     0.11880   0.35100    0.00340    0.17430    0.11880
7.80670     0.11870   0.32750    0.00370    0.17290    0.11870
------------------------------------------------------------
Range of data
207Pb/235U: 5.57120--13.89210
206Pb/238U: 0.22690--0.57950
207Pb/206Pb: 0.16830--0.18600
238U/206Pb: 1.72563--4.40723
------------------------------------------------------------
Discordant data are not excluded from calculation
------------------------------------------------------------
U-Pb ages (Ma) [2σ]
#	T68	+-2s	T75	+-2s	T76	+2s	-2s
1	2635	52	2593	74	2560	43	44
2	2469	48	2544	72	2604	43	44
3	2374	48	2504	72	2611	43	44
4	1939	38	2279	64	2599	44	44
5	1826	41	2209	67	2585	42	43
6	2072	40	2359	67	2618	43	44
7	2686	54	2698	78	2706	42	43
8	2372	51	2481	73	2572	43	43
9	2443	49	2543	73	2623	43	44
10	2550	48	2547	72	2545	43	44
11	1673	41	2133	67	2612	43	44
12	2547	49	2567	72	2582	42	43
13	1768	49	2170	73	2577	42	43
14	2606	50	2578	73	2555	43	44
15	2707	52	2613	74	2540	44	44
16	2125	41	2362	66	2573	43	43
17	2520	51	2559	73	2588	42	43
18	2497	48	2532	71	2559	43	44
19	2685	52	2612	74	2556	43	44
20	2389	46	2496	70	2583	42	43
21	1318	27	1912	59	2633	43	43
22	2199	53	2399	75	2575	42	43
23	2668	51	2616	74	2577	42	43
24	2947	57	2742	78	2595	42	43
25	2495	49	2546	72	2586	42	43
26	1765	34	2180	64	2597	46	46
------------------------------------------------------------
Concordants (accepted) are  [ 1  2  3  4  5  6  7  8  9 10 11 12 13 14 15 16 17 18 19 20 21 22 23 24
 25 26]
------------------------------------------------------------
a: Conventional concordia diagram
    Error ellipses are 95% for data points
    Concordia age = 2341 ± 5 [2σ] / ± 122 [tσ√MSWD] Ma
    MSWD concordance / equivalence / combined = 5005.39 / 401.23 / 491.51
    P-value concordance / equivalence / combined = 0.00 / 0.00 / 0.00
    Intercept age = 2583 +10 -10 Ma [2σ]
b: Tera-Wasserburg concordia diagram
    Concordia age = 2498 ± 5 [2σ] / ± 78 [tσ√MSWD] Ma
    MSWD concordance / equivalence / combined = 440.27 / 187.10 / 192.06
    P-value concordance / equivalence / combined = 0.00 / 0.00 / 0.00
    Intercept age = 2582 +10 -10 Ma [2σ]
c: One-dimensional bar plot
    1D weighted mean age = 2588 ± 13 [2σ] / ± 13 [tσ√MSWD] Ma (MSDW=1)
    Reduced Chi-squared = 1 (Passed)
d: Histogram
All done.
Saving Yang2015jaes.pdf
